<?xml version="1.0" encoding="UTF-8"?>
<!-- Generated by org.testng.reporters.JUnitXMLReporter -->
<testsuite ignored="0" hostname="badabeeddccbcbefdcfaadddfaeec-0" failures="0" tests="3" name="Surefire test" time="36.327" errors="0" timestamp="2023-08-21T11:31:35 UTC">
  <testcase classname="testcases.Testcase1" name="TestTodaysDeal" time="5.419"/>
  <testcase classname="testcases.Testcase1" name="TestProductClick" time="6.205"/>
  <testcase classname="testcases.Testcase1" name="AddCartTest" time="16.269"/>
</testsuite> <!-- Surefire test -->
